\BOOKMARK [0][-]{chapter.1}{Day 1}{}% 1
\BOOKMARK [1][-]{section.1.1}{Installation and basic tools}{chapter.1}% 2
\BOOKMARK [2][-]{subsection.1.1.1}{Editors}{section.1.1}% 3
\BOOKMARK [1][-]{section.1.2}{Skeleton file}{chapter.1}% 4
\BOOKMARK [1][-]{section.1.3}{Sectioning of document}{chapter.1}% 5
\BOOKMARK [2][-]{subsection.1.3.1}{section, subsection, and subsubsection}{section.1.3}% 6
\BOOKMARK [2][-]{subsection.1.3.2}{paragraph, linebreak, and indentation}{section.1.3}% 7
\BOOKMARK [2][-]{subsection.1.3.3}{chapter}{section.1.3}% 8
\BOOKMARK [1][-]{section.1.4}{Label and referencing}{chapter.1}% 9
\BOOKMARK [1][-]{section.1.5}{Math}{chapter.1}% 10
\BOOKMARK [2][-]{subsection.1.5.1}{in-line and equation and eqnarray mode}{section.1.5}% 11
\BOOKMARK [2][-]{subsection.1.5.2}{Symbols}{section.1.5}% 12
\BOOKMARK [2][-]{subsection.1.5.3}{Fractions sum integrals}{section.1.5}% 13
\BOOKMARK [2][-]{subsection.1.5.4}{Subscript and Superscript}{section.1.5}% 14
\BOOKMARK [2][-]{subsection.1.5.5}{Dashes and minus}{section.1.5}% 15
\BOOKMARK [2][-]{subsection.1.5.6}{Array}{section.1.5}% 16
\BOOKMARK [2][-]{subsection.1.5.7}{Align}{section.1.5}% 17
\BOOKMARK [2][-]{subsection.1.5.8}{Brackets in equations}{section.1.5}% 18
\BOOKMARK [2][-]{subsection.1.5.9}{Example equations}{section.1.5}% 19
\BOOKMARK [1][-]{section.1.6}{List, items and description}{chapter.1}% 20
\BOOKMARK [2][-]{subsection.1.6.1}{Un-numbered itemize}{section.1.6}% 21
\BOOKMARK [2][-]{subsection.1.6.2}{Numbered enumerate }{section.1.6}% 22
\BOOKMARK [2][-]{subsection.1.6.3}{Description}{section.1.6}% 23
\BOOKMARK [1][-]{section.1.7}{Table and tabular}{chapter.1}% 24
\BOOKMARK [1][-]{section.1.8}{Graphicx and figure}{chapter.1}% 25
\BOOKMARK [0][-]{chapter.2}{Day 2}{}% 26
\BOOKMARK [1][-]{section.2.1}{IEEEtran LaTeXtemplate}{chapter.2}% 27
\BOOKMARK [2][-]{subsection.2.1.1}{Convert article to IEEEtran}{section.2.1}% 28
\BOOKMARK [1][-]{section.2.2}{BibTeX}{chapter.2}% 29
\BOOKMARK [2][-]{subsection.2.2.1}{Bibliography bib file and citation}{section.2.2}% 30
\BOOKMARK [1][-]{section.2.3}{Practice session}{chapter.2}% 31
\BOOKMARK [2][-]{subsection.2.3.1}{Convert webpage in to LaTeX}{section.2.3}% 32
\BOOKMARK [2][-]{subsection.2.3.2}{Convert LaTeX in to different journal formats}{section.2.3}% 33
